	.text
	.syntax unified
	.eabi_attribute	67, "2.09"	@ Tag_conformance
	.cpu	cortex-m23
	.eabi_attribute	6, 16	@ Tag_CPU_arch
	.eabi_attribute	7, 77	@ Tag_CPU_arch_profile
	.eabi_attribute	8, 0	@ Tag_ARM_ISA_use
	.eabi_attribute	9, 3	@ Tag_THUMB_ISA_use
	.eabi_attribute	34, 0	@ Tag_CPU_unaligned_access
	.eabi_attribute	17, 1	@ Tag_ABI_PCS_GOT_use
	.eabi_attribute	20, 2	@ Tag_ABI_FP_denormal
	.eabi_attribute	21, 0	@ Tag_ABI_FP_exceptions
	.eabi_attribute	23, 1	@ Tag_ABI_FP_number_model
	.eabi_attribute	24, 1	@ Tag_ABI_align_needed
	.eabi_attribute	25, 1	@ Tag_ABI_align_preserved
	.eabi_attribute	38, 1	@ Tag_ABI_FP_16bit_format
	.eabi_attribute	18, 2	@ Tag_ABI_PCS_wchar_t
	.eabi_attribute	26, 1	@ Tag_ABI_enum_size
	.eabi_attribute	14, 0	@ Tag_ABI_PCS_R9_use
	.file	"sys.c"
	.file	1 "C:\\Keil_v5\\ARM\\ARMCLANG\\bin\\..\\include" "stdint.h"
	.file	2 "D:\\SourceCode\\_Avery_M2003\\M2003BSP_FLASH_EMULATE_EEPROM\\SampleCode\\Template\\Keil" "../../../Library/StdDriver/src/sys.c"
	.file	3 "D:\\SourceCode\\_Avery_M2003\\M2003BSP_FLASH_EMULATE_EEPROM\\SampleCode\\Template\\Keil" "../../../Library/Device/Nuvoton/M2003/Include\\sys_reg.h"
	.section	.text.SYS_ClearResetSrc,"ax",%progbits
	.hidden	SYS_ClearResetSrc               @ -- Begin function SYS_ClearResetSrc
	.globl	SYS_ClearResetSrc
	.p2align	2
	.type	SYS_ClearResetSrc,%function
	.code	16                              @ @SYS_ClearResetSrc
	.thumb_func
SYS_ClearResetSrc:
.Lfunc_begin0:
	.loc	2 40 0                          @ ../../../Library/StdDriver/src/sys.c:40:0
	.fnstart
	.cfi_sections .debug_frame
	.cfi_startproc
@ %bb.0:
	.pad	#4
	sub	sp, #4
	.cfi_def_cfa_offset 4
	str	r0, [sp]
.Ltmp0:
	.loc	2 41 19 prologue_end            @ ../../../Library/StdDriver/src/sys.c:41:19
	ldr	r0, [sp]
	ldr	r1, __arm_cp.0_0
	.loc	2 41 17 is_stmt 0               @ ../../../Library/StdDriver/src/sys.c:41:17
	str	r0, [r1]
	.loc	2 42 1 epilogue_begin is_stmt 1 @ ../../../Library/StdDriver/src/sys.c:42:1
	add	sp, #4
	bx	lr
.Ltmp1:
	.p2align	2
@ %bb.1:
	.loc	2 0 1 is_stmt 0                 @ ../../../Library/StdDriver/src/sys.c:0:1
__arm_cp.0_0:
	.long	1073741828                      @ 0x40000004
.Lcpi_end0:
	.size	__arm_cp.0_0, .Lcpi_end0-__arm_cp.0_0
.Lfunc_end0:
	.size	SYS_ClearResetSrc, .Lfunc_end0-SYS_ClearResetSrc
	.cfi_endproc
	.cantunwind
	.fnend
                                        @ -- End function
	.section	.text.SYS_GetBODStatus,"ax",%progbits
	.hidden	SYS_GetBODStatus                @ -- Begin function SYS_GetBODStatus
	.globl	SYS_GetBODStatus
	.p2align	2
	.type	SYS_GetBODStatus,%function
	.code	16                              @ @SYS_GetBODStatus
	.thumb_func
SYS_GetBODStatus:
.Lfunc_begin1:
	.loc	2 52 0 is_stmt 1                @ ../../../Library/StdDriver/src/sys.c:52:0
	.fnstart
	.cfi_startproc
@ %bb.0:
	ldr	r0, __arm_cp.1_0
.Ltmp2:
	.loc	2 53 19 prologue_end            @ ../../../Library/StdDriver/src/sys.c:53:19
	ldr	r0, [r0]
	movs	r1, #64
	.loc	2 53 26 is_stmt 0               @ ../../../Library/StdDriver/src/sys.c:53:26
	ands	r0, r1
	.loc	2 53 51                         @ ../../../Library/StdDriver/src/sys.c:53:51
	lsrs	r0, r0, #6
	.loc	2 53 5                          @ ../../../Library/StdDriver/src/sys.c:53:5
	bx	lr
.Ltmp3:
	.p2align	2
@ %bb.1:
	.loc	2 0 5                           @ ../../../Library/StdDriver/src/sys.c:0:5
__arm_cp.1_0:
	.long	1073741848                      @ 0x40000018
.Lcpi_end1:
	.size	__arm_cp.1_0, .Lcpi_end1-__arm_cp.1_0
.Lfunc_end1:
	.size	SYS_GetBODStatus, .Lfunc_end1-SYS_GetBODStatus
	.cfi_endproc
	.cantunwind
	.fnend
                                        @ -- End function
	.section	.text.SYS_GetResetSrc,"ax",%progbits
	.hidden	SYS_GetResetSrc                 @ -- Begin function SYS_GetResetSrc
	.globl	SYS_GetResetSrc
	.p2align	2
	.type	SYS_GetResetSrc,%function
	.code	16                              @ @SYS_GetResetSrc
	.thumb_func
SYS_GetResetSrc:
.Lfunc_begin2:
	.loc	2 63 0 is_stmt 1                @ ../../../Library/StdDriver/src/sys.c:63:0
	.fnstart
	.cfi_startproc
@ %bb.0:
	ldr	r0, __arm_cp.2_0
.Ltmp4:
	.loc	2 64 18 prologue_end            @ ../../../Library/StdDriver/src/sys.c:64:18
	ldr	r0, [r0]
	.loc	2 64 5 is_stmt 0                @ ../../../Library/StdDriver/src/sys.c:64:5
	bx	lr
.Ltmp5:
	.p2align	2
@ %bb.1:
	.loc	2 0 5                           @ ../../../Library/StdDriver/src/sys.c:0:5
__arm_cp.2_0:
	.long	1073741828                      @ 0x40000004
.Lcpi_end2:
	.size	__arm_cp.2_0, .Lcpi_end2-__arm_cp.2_0
.Lfunc_end2:
	.size	SYS_GetResetSrc, .Lfunc_end2-SYS_GetResetSrc
	.cfi_endproc
	.cantunwind
	.fnend
                                        @ -- End function
	.section	.text.SYS_IsRegLocked,"ax",%progbits
	.hidden	SYS_IsRegLocked                 @ -- Begin function SYS_IsRegLocked
	.globl	SYS_IsRegLocked
	.p2align	2
	.type	SYS_IsRegLocked,%function
	.code	16                              @ @SYS_IsRegLocked
	.thumb_func
SYS_IsRegLocked:
.Lfunc_begin3:
	.loc	2 75 0 is_stmt 1                @ ../../../Library/StdDriver/src/sys.c:75:0
	.fnstart
	.cfi_startproc
@ %bb.0:
	ldr	r0, __arm_cp.3_0
.Ltmp6:
	.loc	2 76 18 prologue_end            @ ../../../Library/StdDriver/src/sys.c:76:18
	ldr	r0, [r0]
	movs	r1, #1
	.loc	2 76 26 is_stmt 0               @ ../../../Library/StdDriver/src/sys.c:76:26
	ands	r0, r1
	.loc	2 76 12                         @ ../../../Library/StdDriver/src/sys.c:76:12
	rsbs	r1, r0, #0
	adcs	r0, r1
	.loc	2 76 5                          @ ../../../Library/StdDriver/src/sys.c:76:5
	bx	lr
.Ltmp7:
	.p2align	2
@ %bb.1:
	.loc	2 0 5                           @ ../../../Library/StdDriver/src/sys.c:0:5
__arm_cp.3_0:
	.long	1073742080                      @ 0x40000100
.Lcpi_end3:
	.size	__arm_cp.3_0, .Lcpi_end3-__arm_cp.3_0
.Lfunc_end3:
	.size	SYS_IsRegLocked, .Lfunc_end3-SYS_IsRegLocked
	.cfi_endproc
	.cantunwind
	.fnend
                                        @ -- End function
	.section	.text.SYS_ReadPDID,"ax",%progbits
	.hidden	SYS_ReadPDID                    @ -- Begin function SYS_ReadPDID
	.globl	SYS_ReadPDID
	.p2align	1
	.type	SYS_ReadPDID,%function
	.code	16                              @ @SYS_ReadPDID
	.thumb_func
SYS_ReadPDID:
.Lfunc_begin4:
	.loc	2 86 0 is_stmt 1                @ ../../../Library/StdDriver/src/sys.c:86:0
	.fnstart
	.cfi_startproc
@ %bb.0:
	movs	r0, #1
	lsls	r0, r0, #30
.Ltmp8:
	.loc	2 87 17 prologue_end            @ ../../../Library/StdDriver/src/sys.c:87:17
	ldr	r0, [r0]
	.loc	2 87 5 is_stmt 0                @ ../../../Library/StdDriver/src/sys.c:87:5
	bx	lr
.Ltmp9:
.Lfunc_end4:
	.size	SYS_ReadPDID, .Lfunc_end4-SYS_ReadPDID
	.cfi_endproc
	.cantunwind
	.fnend
                                        @ -- End function
	.section	.text.SYS_ResetChip,"ax",%progbits
	.hidden	SYS_ResetChip                   @ -- Begin function SYS_ResetChip
	.globl	SYS_ResetChip
	.p2align	2
	.type	SYS_ResetChip,%function
	.code	16                              @ @SYS_ResetChip
	.thumb_func
SYS_ResetChip:
.Lfunc_begin5:
	.loc	2 98 0 is_stmt 1                @ ../../../Library/StdDriver/src/sys.c:98:0
	.fnstart
	.cfi_startproc
@ %bb.0:
	ldr	r1, __arm_cp.5_0
.Ltmp10:
	.loc	2 99 17 prologue_end            @ ../../../Library/StdDriver/src/sys.c:99:17
	ldr	r0, [r1]
	movs	r2, #1
	orrs	r0, r2
	str	r0, [r1]
	.loc	2 100 1                         @ ../../../Library/StdDriver/src/sys.c:100:1
	bx	lr
.Ltmp11:
	.p2align	2
@ %bb.1:
	.loc	2 0 1 is_stmt 0                 @ ../../../Library/StdDriver/src/sys.c:0:1
__arm_cp.5_0:
	.long	1073741832                      @ 0x40000008
.Lcpi_end4:
	.size	__arm_cp.5_0, .Lcpi_end4-__arm_cp.5_0
.Lfunc_end5:
	.size	SYS_ResetChip, .Lfunc_end5-SYS_ResetChip
	.cfi_endproc
	.cantunwind
	.fnend
                                        @ -- End function
	.section	.text.SYS_ResetCPU,"ax",%progbits
	.hidden	SYS_ResetCPU                    @ -- Begin function SYS_ResetCPU
	.globl	SYS_ResetCPU
	.p2align	2
	.type	SYS_ResetCPU,%function
	.code	16                              @ @SYS_ResetCPU
	.thumb_func
SYS_ResetCPU:
.Lfunc_begin6:
	.loc	2 110 0 is_stmt 1               @ ../../../Library/StdDriver/src/sys.c:110:0
	.fnstart
	.cfi_startproc
@ %bb.0:
	ldr	r1, __arm_cp.6_0
.Ltmp12:
	.loc	2 111 17 prologue_end           @ ../../../Library/StdDriver/src/sys.c:111:17
	ldr	r0, [r1]
	movs	r2, #2
	orrs	r0, r2
	str	r0, [r1]
	.loc	2 112 1                         @ ../../../Library/StdDriver/src/sys.c:112:1
	bx	lr
.Ltmp13:
	.p2align	2
@ %bb.1:
	.loc	2 0 1 is_stmt 0                 @ ../../../Library/StdDriver/src/sys.c:0:1
__arm_cp.6_0:
	.long	1073741832                      @ 0x40000008
.Lcpi_end5:
	.size	__arm_cp.6_0, .Lcpi_end5-__arm_cp.6_0
.Lfunc_end6:
	.size	SYS_ResetCPU, .Lfunc_end6-SYS_ResetCPU
	.cfi_endproc
	.cantunwind
	.fnend
                                        @ -- End function
	.section	.text.SYS_ResetModule,"ax",%progbits
	.hidden	SYS_ResetModule                 @ -- Begin function SYS_ResetModule
	.globl	SYS_ResetModule
	.p2align	2
	.type	SYS_ResetModule,%function
	.code	16                              @ @SYS_ResetModule
	.thumb_func
SYS_ResetModule:
.Lfunc_begin7:
	.loc	2 133 0 is_stmt 1               @ ../../../Library/StdDriver/src/sys.c:133:0
	.fnstart
	.cfi_startproc
@ %bb.0:
	.save	{r4, lr}
	push	{r4, lr}
	.cfi_def_cfa_offset 8
	.cfi_offset lr, -4
	.cfi_offset r4, -8
	.pad	#12
	sub	sp, #12
	.cfi_def_cfa_offset 20
	str	r0, [sp, #8]
	movs	r0, #0
.Ltmp14:
	.loc	2 134 14 prologue_end           @ ../../../Library/StdDriver/src/sys.c:134:14
	str	r0, [sp, #4]
	.loc	2 134 31 is_stmt 0              @ ../../../Library/StdDriver/src/sys.c:134:31
	str	r0, [sp]
	.loc	2 137 26 is_stmt 1              @ ../../../Library/StdDriver/src/sys.c:137:26
	ldr	r3, [sp, #8]
	ldr	r2, __arm_cp.7_0
	.loc	2 137 41 is_stmt 0              @ ../../../Library/StdDriver/src/sys.c:137:41
	ands	r3, r2
	movs	r0, #1
	.loc	2 137 22                        @ ../../../Library/StdDriver/src/sys.c:137:22
	mov	r1, r0
	lsls	r1, r3
	.loc	2 137 15                        @ ../../../Library/StdDriver/src/sys.c:137:15
	str	r1, [sp, #4]
	add	r1, sp, #8
	.loc	2 138 45 is_stmt 1              @ ../../../Library/StdDriver/src/sys.c:138:45
	ldrb	r1, [r1, #3]
	ldr	r3, __arm_cp.7_1
	.loc	2 138 41 is_stmt 0              @ ../../../Library/StdDriver/src/sys.c:138:41
	adds	r1, r1, r3
	.loc	2 138 16                        @ ../../../Library/StdDriver/src/sys.c:138:16
	str	r1, [sp]
	.loc	2 139 32 is_stmt 1              @ ../../../Library/StdDriver/src/sys.c:139:32
	ldr	r4, [sp, #4]
	.loc	2 139 18 is_stmt 0              @ ../../../Library/StdDriver/src/sys.c:139:18
	ldr	r3, [sp]
	.loc	2 139 29                        @ ../../../Library/StdDriver/src/sys.c:139:29
	ldr	r1, [r3]
	orrs	r1, r4
	str	r1, [r3]
	.loc	2 142 27 is_stmt 1              @ ../../../Library/StdDriver/src/sys.c:142:27
	ldr	r1, [sp, #8]
	.loc	2 142 42 is_stmt 0              @ ../../../Library/StdDriver/src/sys.c:142:42
	ands	r1, r2
	.loc	2 142 23                        @ ../../../Library/StdDriver/src/sys.c:142:23
	lsls	r0, r1
	.loc	2 142 17                        @ ../../../Library/StdDriver/src/sys.c:142:17
	mvns	r0, r0
	.loc	2 142 15                        @ ../../../Library/StdDriver/src/sys.c:142:15
	str	r0, [sp, #4]
	.loc	2 143 32 is_stmt 1              @ ../../../Library/StdDriver/src/sys.c:143:32
	ldr	r2, [sp, #4]
	.loc	2 143 18 is_stmt 0              @ ../../../Library/StdDriver/src/sys.c:143:18
	ldr	r1, [sp]
	.loc	2 143 29                        @ ../../../Library/StdDriver/src/sys.c:143:29
	ldr	r0, [r1]
	ands	r0, r2
	str	r0, [r1]
	.loc	2 144 1 epilogue_begin is_stmt 1 @ ../../../Library/StdDriver/src/sys.c:144:1
	add	sp, #12
	pop	{r4, pc}
.Ltmp15:
	.p2align	2
@ %bb.1:
	.loc	2 0 1 is_stmt 0                 @ ../../../Library/StdDriver/src/sys.c:0:1
__arm_cp.7_0:
	.long	16777215                        @ 0xffffff
.Lcpi_end6:
	.size	__arm_cp.7_0, .Lcpi_end6-__arm_cp.7_0
__arm_cp.7_1:
	.long	1073741832                      @ 0x40000008
.Lcpi_end7:
	.size	__arm_cp.7_1, .Lcpi_end7-__arm_cp.7_1
.Lfunc_end7:
	.size	SYS_ResetModule, .Lfunc_end7-SYS_ResetModule
	.cfi_endproc
	.cantunwind
	.fnend
                                        @ -- End function
	.section	.text.SYS_EnableBOD,"ax",%progbits
	.hidden	SYS_EnableBOD                   @ -- Begin function SYS_EnableBOD
	.globl	SYS_EnableBOD
	.p2align	2
	.type	SYS_EnableBOD,%function
	.code	16                              @ @SYS_EnableBOD
	.thumb_func
SYS_EnableBOD:
.Lfunc_begin8:
	.loc	2 163 0 is_stmt 1               @ ../../../Library/StdDriver/src/sys.c:163:0
	.fnstart
	.cfi_startproc
@ %bb.0:
	.pad	#16
	sub	sp, #16
	.cfi_def_cfa_offset 16
	str	r0, [sp, #8]
	str	r1, [sp, #4]
.Ltmp16:
	.loc	2 164 30 prologue_end           @ ../../../Library/StdDriver/src/sys.c:164:30
	ldr	r0, __arm_cp.8_0
	ldr	r0, [r0]
	.loc	2 164 46 is_stmt 0              @ ../../../Library/StdDriver/src/sys.c:164:46
	lsls	r0, r0, #1
	.loc	2 164 14                        @ ../../../Library/StdDriver/src/sys.c:164:14
	str	r0, [sp]
	.loc	2 166 5 is_stmt 1               @ ../../../Library/StdDriver/src/sys.c:166:5
	b	.LBB8_1
.LBB8_1:                                @ =>This Inner Loop Header: Depth=1
	.loc	2 0 5 is_stmt 0                 @ ../../../Library/StdDriver/src/sys.c:0:5
	ldr	r0, __arm_cp.8_1
	.loc	2 166 16                        @ ../../../Library/StdDriver/src/sys.c:166:16
	ldr	r0, [r0]
	.loc	2 166 5                         @ ../../../Library/StdDriver/src/sys.c:166:5
	lsrs	r0, r0, #31
	cbz	r0, .LBB8_5
	b	.LBB8_2
.LBB8_2:                                @   in Loop: Header=BB8_1 Depth=1
.Ltmp17:
	.loc	2 168 12 is_stmt 1              @ ../../../Library/StdDriver/src/sys.c:168:12
	ldr	r0, [sp]
	subs	r0, r0, #1
	str	r0, [sp]
.Ltmp18:
	.loc	2 168 12 is_stmt 0              @ ../../../Library/StdDriver/src/sys.c:168:12
	cbnz	r0, .LBB8_4
	b	.LBB8_3
.LBB8_3:
.Ltmp19:
	.loc	2 170 13 is_stmt 1              @ ../../../Library/StdDriver/src/sys.c:170:13
	b	.LBB8_5
.Ltmp20:
.LBB8_4:                                @   in Loop: Header=BB8_1 Depth=1
	.loc	2 166 5                         @ ../../../Library/StdDriver/src/sys.c:166:5
	b	.LBB8_1
.LBB8_5:
	.loc	2 0 5 is_stmt 0                 @ ../../../Library/StdDriver/src/sys.c:0:5
	ldr	r1, __arm_cp.8_1
	.loc	2 177 25 is_stmt 1              @ ../../../Library/StdDriver/src/sys.c:177:25
	ldr	r0, [r1]
	ldr	r2, __arm_cp.8_2
	.loc	2 177 32 is_stmt 0              @ ../../../Library/StdDriver/src/sys.c:177:32
	ands	r0, r2
	.loc	2 178 30 is_stmt 1              @ ../../../Library/StdDriver/src/sys.c:178:30
	ldr	r2, [sp, #8]
	.loc	2 177 85                        @ ../../../Library/StdDriver/src/sys.c:177:85
	orrs	r0, r2
	.loc	2 178 42                        @ ../../../Library/StdDriver/src/sys.c:178:42
	ldr	r2, [sp, #4]
	.loc	2 178 39 is_stmt 0              @ ../../../Library/StdDriver/src/sys.c:178:39
	orrs	r0, r2
	movs	r2, #1
	.loc	2 178 55                        @ ../../../Library/StdDriver/src/sys.c:178:55
	orrs	r0, r2
	.loc	2 177 17 is_stmt 1              @ ../../../Library/StdDriver/src/sys.c:177:17
	str	r0, [r1]
.Ltmp21:
	.loc	2 180 8                         @ ../../../Library/StdDriver/src/sys.c:180:8
	ldr	r0, [sp]
.Ltmp22:
	.loc	2 180 8 is_stmt 0               @ ../../../Library/StdDriver/src/sys.c:180:8
	cbnz	r0, .LBB8_7
	b	.LBB8_6
.LBB8_6:
	.loc	2 0 8                           @ ../../../Library/StdDriver/src/sys.c:0:8
	movs	r0, #0
	mvns	r0, r0
.Ltmp23:
	.loc	2 181 9 is_stmt 1               @ ../../../Library/StdDriver/src/sys.c:181:9
	str	r0, [sp, #12]
	b	.LBB8_8
.LBB8_7:
	.loc	2 0 9 is_stmt 0                 @ ../../../Library/StdDriver/src/sys.c:0:9
	movs	r0, #0
	.loc	2 183 9 is_stmt 1               @ ../../../Library/StdDriver/src/sys.c:183:9
	str	r0, [sp, #12]
	b	.LBB8_8
.Ltmp24:
.LBB8_8:
	.loc	2 184 1                         @ ../../../Library/StdDriver/src/sys.c:184:1
	ldr	r0, [sp, #12]
	.loc	2 184 1 epilogue_begin is_stmt 0 @ ../../../Library/StdDriver/src/sys.c:184:1
	add	sp, #16
	bx	lr
.Ltmp25:
	.p2align	2
@ %bb.9:
	.loc	2 0 1                           @ ../../../Library/StdDriver/src/sys.c:0:1
__arm_cp.8_0:
	.long	SystemCoreClock
.Lcpi_end8:
	.size	__arm_cp.8_0, .Lcpi_end8-__arm_cp.8_0
__arm_cp.8_1:
	.long	1073741848                      @ 0x40000018
.Lcpi_end9:
	.size	__arm_cp.8_1, .Lcpi_end9-__arm_cp.8_1
__arm_cp.8_2:
	.long	4294508534                      @ 0xfff8fff6
.Lcpi_end10:
	.size	__arm_cp.8_2, .Lcpi_end10-__arm_cp.8_2
.Lfunc_end8:
	.size	SYS_EnableBOD, .Lfunc_end8-SYS_EnableBOD
	.cfi_endproc
	.cantunwind
	.fnend
                                        @ -- End function
	.section	.text.SYS_DisableBOD,"ax",%progbits
	.hidden	SYS_DisableBOD                  @ -- Begin function SYS_DisableBOD
	.globl	SYS_DisableBOD
	.p2align	2
	.type	SYS_DisableBOD,%function
	.code	16                              @ @SYS_DisableBOD
	.thumb_func
SYS_DisableBOD:
.Lfunc_begin9:
	.loc	2 196 0 is_stmt 1               @ ../../../Library/StdDriver/src/sys.c:196:0
	.fnstart
	.cfi_startproc
@ %bb.0:
	.pad	#8
	sub	sp, #8
	.cfi_def_cfa_offset 8
.Ltmp26:
	.loc	2 197 30 prologue_end           @ ../../../Library/StdDriver/src/sys.c:197:30
	ldr	r0, __arm_cp.9_0
	ldr	r0, [r0]
	.loc	2 197 46 is_stmt 0              @ ../../../Library/StdDriver/src/sys.c:197:46
	lsls	r0, r0, #1
	.loc	2 197 14                        @ ../../../Library/StdDriver/src/sys.c:197:14
	str	r0, [sp]
	.loc	2 199 5 is_stmt 1               @ ../../../Library/StdDriver/src/sys.c:199:5
	b	.LBB9_1
.LBB9_1:                                @ =>This Inner Loop Header: Depth=1
	.loc	2 0 5 is_stmt 0                 @ ../../../Library/StdDriver/src/sys.c:0:5
	ldr	r0, __arm_cp.9_1
	.loc	2 199 16                        @ ../../../Library/StdDriver/src/sys.c:199:16
	ldr	r0, [r0]
	.loc	2 199 5                         @ ../../../Library/StdDriver/src/sys.c:199:5
	lsrs	r0, r0, #31
	cbz	r0, .LBB9_5
	b	.LBB9_2
.LBB9_2:                                @   in Loop: Header=BB9_1 Depth=1
.Ltmp27:
	.loc	2 201 12 is_stmt 1              @ ../../../Library/StdDriver/src/sys.c:201:12
	ldr	r0, [sp]
	subs	r0, r0, #1
	str	r0, [sp]
.Ltmp28:
	.loc	2 201 12 is_stmt 0              @ ../../../Library/StdDriver/src/sys.c:201:12
	cbnz	r0, .LBB9_4
	b	.LBB9_3
.LBB9_3:
.Ltmp29:
	.loc	2 203 13 is_stmt 1              @ ../../../Library/StdDriver/src/sys.c:203:13
	b	.LBB9_5
.Ltmp30:
.LBB9_4:                                @   in Loop: Header=BB9_1 Depth=1
	.loc	2 199 5                         @ ../../../Library/StdDriver/src/sys.c:199:5
	b	.LBB9_1
.LBB9_5:
	.loc	2 0 5 is_stmt 0                 @ ../../../Library/StdDriver/src/sys.c:0:5
	ldr	r1, __arm_cp.9_1
	.loc	2 207 17 is_stmt 1              @ ../../../Library/StdDriver/src/sys.c:207:17
	ldr	r0, [r1]
	movs	r2, #1
	bics	r0, r2
	str	r0, [r1]
.Ltmp31:
	.loc	2 209 8                         @ ../../../Library/StdDriver/src/sys.c:209:8
	ldr	r0, [sp]
.Ltmp32:
	.loc	2 209 8 is_stmt 0               @ ../../../Library/StdDriver/src/sys.c:209:8
	cbnz	r0, .LBB9_7
	b	.LBB9_6
.LBB9_6:
	.loc	2 0 8                           @ ../../../Library/StdDriver/src/sys.c:0:8
	movs	r0, #0
	mvns	r0, r0
.Ltmp33:
	.loc	2 210 9 is_stmt 1               @ ../../../Library/StdDriver/src/sys.c:210:9
	str	r0, [sp, #4]
	b	.LBB9_8
.LBB9_7:
	.loc	2 0 9 is_stmt 0                 @ ../../../Library/StdDriver/src/sys.c:0:9
	movs	r0, #0
	.loc	2 212 9 is_stmt 1               @ ../../../Library/StdDriver/src/sys.c:212:9
	str	r0, [sp, #4]
	b	.LBB9_8
.Ltmp34:
.LBB9_8:
	.loc	2 213 1                         @ ../../../Library/StdDriver/src/sys.c:213:1
	ldr	r0, [sp, #4]
	.loc	2 213 1 epilogue_begin is_stmt 0 @ ../../../Library/StdDriver/src/sys.c:213:1
	add	sp, #8
	bx	lr
.Ltmp35:
	.p2align	2
@ %bb.9:
	.loc	2 0 1                           @ ../../../Library/StdDriver/src/sys.c:0:1
__arm_cp.9_0:
	.long	SystemCoreClock
.Lcpi_end11:
	.size	__arm_cp.9_0, .Lcpi_end11-__arm_cp.9_0
__arm_cp.9_1:
	.long	1073741848                      @ 0x40000018
.Lcpi_end12:
	.size	__arm_cp.9_1, .Lcpi_end12-__arm_cp.9_1
.Lfunc_end9:
	.size	SYS_DisableBOD, .Lfunc_end9-SYS_DisableBOD
	.cfi_endproc
	.cantunwind
	.fnend
                                        @ -- End function
	.hidden	g_SYS_i32ErrCode                @ @g_SYS_i32ErrCode
	.type	g_SYS_i32ErrCode,%object
	.section	.bss.g_SYS_i32ErrCode,"aw",%nobits
	.globl	g_SYS_i32ErrCode
	.p2align	2, 0x0
g_SYS_i32ErrCode:
	.long	0                               @ 0x0
	.size	g_SYS_i32ErrCode, 4

	.section	.debug_abbrev,"",%progbits
	.byte	1                               @ Abbreviation Code
	.byte	17                              @ DW_TAG_compile_unit
	.byte	1                               @ DW_CHILDREN_yes
	.byte	37                              @ DW_AT_producer
	.byte	14                              @ DW_FORM_strp
	.byte	19                              @ DW_AT_language
	.byte	5                               @ DW_FORM_data2
	.byte	3                               @ DW_AT_name
	.byte	14                              @ DW_FORM_strp
	.byte	16                              @ DW_AT_stmt_list
	.byte	23                              @ DW_FORM_sec_offset
	.byte	27                              @ DW_AT_comp_dir
	.byte	14                              @ DW_FORM_strp
	.byte	17                              @ DW_AT_low_pc
	.byte	1                               @ DW_FORM_addr
	.byte	85                              @ DW_AT_ranges
	.byte	23                              @ DW_FORM_sec_offset
	.byte	0                               @ EOM(1)
	.byte	0                               @ EOM(2)
	.byte	2                               @ Abbreviation Code
	.byte	52                              @ DW_TAG_variable
	.byte	0                               @ DW_CHILDREN_no
	.byte	3                               @ DW_AT_name
	.byte	14                              @ DW_FORM_strp
	.byte	73                              @ DW_AT_type
	.byte	19                              @ DW_FORM_ref4
	.byte	63                              @ DW_AT_external
	.byte	25                              @ DW_FORM_flag_present
	.byte	58                              @ DW_AT_decl_file
	.byte	11                              @ DW_FORM_data1
	.byte	59                              @ DW_AT_decl_line
	.byte	11                              @ DW_FORM_data1
	.byte	2                               @ DW_AT_location
	.byte	24                              @ DW_FORM_exprloc
	.byte	0                               @ EOM(1)
	.byte	0                               @ EOM(2)
	.byte	3                               @ Abbreviation Code
	.byte	22                              @ DW_TAG_typedef
	.byte	0                               @ DW_CHILDREN_no
	.byte	73                              @ DW_AT_type
	.byte	19                              @ DW_FORM_ref4
	.byte	3                               @ DW_AT_name
	.byte	14                              @ DW_FORM_strp
	.byte	58                              @ DW_AT_decl_file
	.byte	11                              @ DW_FORM_data1
	.byte	59                              @ DW_AT_decl_line
	.byte	11                              @ DW_FORM_data1
	.byte	0                               @ EOM(1)
	.byte	0                               @ EOM(2)
	.byte	4                               @ Abbreviation Code
	.byte	36                              @ DW_TAG_base_type
	.byte	0                               @ DW_CHILDREN_no
	.byte	3                               @ DW_AT_name
	.byte	14                              @ DW_FORM_strp
	.byte	62                              @ DW_AT_encoding
	.byte	11                              @ DW_FORM_data1
	.byte	11                              @ DW_AT_byte_size
	.byte	11                              @ DW_FORM_data1
	.byte	0                               @ EOM(1)
	.byte	0                               @ EOM(2)
	.byte	5                               @ Abbreviation Code
	.byte	15                              @ DW_TAG_pointer_type
	.byte	0                               @ DW_CHILDREN_no
	.byte	73                              @ DW_AT_type
	.byte	19                              @ DW_FORM_ref4
	.byte	0                               @ EOM(1)
	.byte	0                               @ EOM(2)
	.byte	6                               @ Abbreviation Code
	.byte	22                              @ DW_TAG_typedef
	.byte	0                               @ DW_CHILDREN_no
	.byte	73                              @ DW_AT_type
	.byte	19                              @ DW_FORM_ref4
	.byte	3                               @ DW_AT_name
	.byte	14                              @ DW_FORM_strp
	.byte	58                              @ DW_AT_decl_file
	.byte	11                              @ DW_FORM_data1
	.byte	59                              @ DW_AT_decl_line
	.byte	5                               @ DW_FORM_data2
	.byte	0                               @ EOM(1)
	.byte	0                               @ EOM(2)
	.byte	7                               @ Abbreviation Code
	.byte	19                              @ DW_TAG_structure_type
	.byte	1                               @ DW_CHILDREN_yes
	.byte	11                              @ DW_AT_byte_size
	.byte	5                               @ DW_FORM_data2
	.byte	58                              @ DW_AT_decl_file
	.byte	11                              @ DW_FORM_data1
	.byte	59                              @ DW_AT_decl_line
	.byte	11                              @ DW_FORM_data1
	.byte	0                               @ EOM(1)
	.byte	0                               @ EOM(2)
	.byte	8                               @ Abbreviation Code
	.byte	13                              @ DW_TAG_member
	.byte	0                               @ DW_CHILDREN_no
	.byte	3                               @ DW_AT_name
	.byte	14                              @ DW_FORM_strp
	.byte	73                              @ DW_AT_type
	.byte	19                              @ DW_FORM_ref4
	.byte	58                              @ DW_AT_decl_file
	.byte	11                              @ DW_FORM_data1
	.byte	59                              @ DW_AT_decl_line
	.byte	5                               @ DW_FORM_data2
	.byte	56                              @ DW_AT_data_member_location
	.byte	11                              @ DW_FORM_data1
	.byte	0                               @ EOM(1)
	.byte	0                               @ EOM(2)
	.byte	9                               @ Abbreviation Code
	.byte	13                              @ DW_TAG_member
	.byte	0                               @ DW_CHILDREN_no
	.byte	3                               @ DW_AT_name
	.byte	14                              @ DW_FORM_strp
	.byte	73                              @ DW_AT_type
	.byte	19                              @ DW_FORM_ref4
	.byte	58                              @ DW_AT_decl_file
	.byte	11                              @ DW_FORM_data1
	.byte	59                              @ DW_AT_decl_line
	.byte	5                               @ DW_FORM_data2
	.byte	56                              @ DW_AT_data_member_location
	.byte	5                               @ DW_FORM_data2
	.byte	0                               @ EOM(1)
	.byte	0                               @ EOM(2)
	.byte	10                              @ Abbreviation Code
	.byte	38                              @ DW_TAG_const_type
	.byte	0                               @ DW_CHILDREN_no
	.byte	73                              @ DW_AT_type
	.byte	19                              @ DW_FORM_ref4
	.byte	0                               @ EOM(1)
	.byte	0                               @ EOM(2)
	.byte	11                              @ Abbreviation Code
	.byte	53                              @ DW_TAG_volatile_type
	.byte	0                               @ DW_CHILDREN_no
	.byte	73                              @ DW_AT_type
	.byte	19                              @ DW_FORM_ref4
	.byte	0                               @ EOM(1)
	.byte	0                               @ EOM(2)
	.byte	12                              @ Abbreviation Code
	.byte	1                               @ DW_TAG_array_type
	.byte	1                               @ DW_CHILDREN_yes
	.byte	73                              @ DW_AT_type
	.byte	19                              @ DW_FORM_ref4
	.byte	0                               @ EOM(1)
	.byte	0                               @ EOM(2)
	.byte	13                              @ Abbreviation Code
	.byte	33                              @ DW_TAG_subrange_type
	.byte	0                               @ DW_CHILDREN_no
	.byte	73                              @ DW_AT_type
	.byte	19                              @ DW_FORM_ref4
	.byte	55                              @ DW_AT_count
	.byte	11                              @ DW_FORM_data1
	.byte	0                               @ EOM(1)
	.byte	0                               @ EOM(2)
	.byte	14                              @ Abbreviation Code
	.byte	36                              @ DW_TAG_base_type
	.byte	0                               @ DW_CHILDREN_no
	.byte	3                               @ DW_AT_name
	.byte	14                              @ DW_FORM_strp
	.byte	11                              @ DW_AT_byte_size
	.byte	11                              @ DW_FORM_data1
	.byte	62                              @ DW_AT_encoding
	.byte	11                              @ DW_FORM_data1
	.byte	0                               @ EOM(1)
	.byte	0                               @ EOM(2)
	.byte	15                              @ Abbreviation Code
	.byte	46                              @ DW_TAG_subprogram
	.byte	1                               @ DW_CHILDREN_yes
	.byte	17                              @ DW_AT_low_pc
	.byte	1                               @ DW_FORM_addr
	.byte	18                              @ DW_AT_high_pc
	.byte	6                               @ DW_FORM_data4
	.byte	64                              @ DW_AT_frame_base
	.byte	24                              @ DW_FORM_exprloc
	.byte	3                               @ DW_AT_name
	.byte	14                              @ DW_FORM_strp
	.byte	58                              @ DW_AT_decl_file
	.byte	11                              @ DW_FORM_data1
	.byte	59                              @ DW_AT_decl_line
	.byte	11                              @ DW_FORM_data1
	.byte	39                              @ DW_AT_prototyped
	.byte	25                              @ DW_FORM_flag_present
	.byte	63                              @ DW_AT_external
	.byte	25                              @ DW_FORM_flag_present
	.byte	0                               @ EOM(1)
	.byte	0                               @ EOM(2)
	.byte	16                              @ Abbreviation Code
	.byte	5                               @ DW_TAG_formal_parameter
	.byte	0                               @ DW_CHILDREN_no
	.byte	2                               @ DW_AT_location
	.byte	24                              @ DW_FORM_exprloc
	.byte	3                               @ DW_AT_name
	.byte	14                              @ DW_FORM_strp
	.byte	58                              @ DW_AT_decl_file
	.byte	11                              @ DW_FORM_data1
	.byte	59                              @ DW_AT_decl_line
	.byte	11                              @ DW_FORM_data1
	.byte	73                              @ DW_AT_type
	.byte	19                              @ DW_FORM_ref4
	.byte	0                               @ EOM(1)
	.byte	0                               @ EOM(2)
	.byte	17                              @ Abbreviation Code
	.byte	46                              @ DW_TAG_subprogram
	.byte	0                               @ DW_CHILDREN_no
	.byte	17                              @ DW_AT_low_pc
	.byte	1                               @ DW_FORM_addr
	.byte	18                              @ DW_AT_high_pc
	.byte	6                               @ DW_FORM_data4
	.byte	64                              @ DW_AT_frame_base
	.byte	24                              @ DW_FORM_exprloc
	.byte	3                               @ DW_AT_name
	.byte	14                              @ DW_FORM_strp
	.byte	58                              @ DW_AT_decl_file
	.byte	11                              @ DW_FORM_data1
	.byte	59                              @ DW_AT_decl_line
	.byte	11                              @ DW_FORM_data1
	.byte	39                              @ DW_AT_prototyped
	.byte	25                              @ DW_FORM_flag_present
	.byte	73                              @ DW_AT_type
	.byte	19                              @ DW_FORM_ref4
	.byte	63                              @ DW_AT_external
	.byte	25                              @ DW_FORM_flag_present
	.byte	0                               @ EOM(1)
	.byte	0                               @ EOM(2)
	.byte	18                              @ Abbreviation Code
	.byte	46                              @ DW_TAG_subprogram
	.byte	0                               @ DW_CHILDREN_no
	.byte	17                              @ DW_AT_low_pc
	.byte	1                               @ DW_FORM_addr
	.byte	18                              @ DW_AT_high_pc
	.byte	6                               @ DW_FORM_data4
	.byte	64                              @ DW_AT_frame_base
	.byte	24                              @ DW_FORM_exprloc
	.byte	3                               @ DW_AT_name
	.byte	14                              @ DW_FORM_strp
	.byte	58                              @ DW_AT_decl_file
	.byte	11                              @ DW_FORM_data1
	.byte	59                              @ DW_AT_decl_line
	.byte	11                              @ DW_FORM_data1
	.byte	39                              @ DW_AT_prototyped
	.byte	25                              @ DW_FORM_flag_present
	.byte	63                              @ DW_AT_external
	.byte	25                              @ DW_FORM_flag_present
	.byte	0                               @ EOM(1)
	.byte	0                               @ EOM(2)
	.byte	19                              @ Abbreviation Code
	.byte	52                              @ DW_TAG_variable
	.byte	0                               @ DW_CHILDREN_no
	.byte	2                               @ DW_AT_location
	.byte	24                              @ DW_FORM_exprloc
	.byte	3                               @ DW_AT_name
	.byte	14                              @ DW_FORM_strp
	.byte	58                              @ DW_AT_decl_file
	.byte	11                              @ DW_FORM_data1
	.byte	59                              @ DW_AT_decl_line
	.byte	11                              @ DW_FORM_data1
	.byte	73                              @ DW_AT_type
	.byte	19                              @ DW_FORM_ref4
	.byte	0                               @ EOM(1)
	.byte	0                               @ EOM(2)
	.byte	20                              @ Abbreviation Code
	.byte	46                              @ DW_TAG_subprogram
	.byte	1                               @ DW_CHILDREN_yes
	.byte	17                              @ DW_AT_low_pc
	.byte	1                               @ DW_FORM_addr
	.byte	18                              @ DW_AT_high_pc
	.byte	6                               @ DW_FORM_data4
	.byte	64                              @ DW_AT_frame_base
	.byte	24                              @ DW_FORM_exprloc
	.byte	3                               @ DW_AT_name
	.byte	14                              @ DW_FORM_strp
	.byte	58                              @ DW_AT_decl_file
	.byte	11                              @ DW_FORM_data1
	.byte	59                              @ DW_AT_decl_line
	.byte	11                              @ DW_FORM_data1
	.byte	39                              @ DW_AT_prototyped
	.byte	25                              @ DW_FORM_flag_present
	.byte	73                              @ DW_AT_type
	.byte	19                              @ DW_FORM_ref4
	.byte	63                              @ DW_AT_external
	.byte	25                              @ DW_FORM_flag_present
	.byte	0                               @ EOM(1)
	.byte	0                               @ EOM(2)
	.byte	0                               @ EOM(3)
	.section	.debug_info,"",%progbits
.Lcu_begin0:
	.long	.Ldebug_info_end0-.Ldebug_info_start0 @ Length of Unit
.Ldebug_info_start0:
	.short	4                               @ DWARF version number
	.long	.debug_abbrev                   @ Offset Into Abbrev. Section
	.byte	4                               @ Address Size (in bytes)
	.byte	1                               @ Abbrev [1] 0xb:0x379 DW_TAG_compile_unit
	.long	.Linfo_string0                  @ DW_AT_producer
	.short	12                              @ DW_AT_language
	.long	.Linfo_string1                  @ DW_AT_name
	.long	.Lline_table_start0             @ DW_AT_stmt_list
	.long	.Linfo_string2                  @ DW_AT_comp_dir
	.long	0                               @ DW_AT_low_pc
	.long	.Ldebug_ranges0                 @ DW_AT_ranges
	.byte	2                               @ Abbrev [2] 0x26:0x11 DW_TAG_variable
	.long	.Linfo_string3                  @ DW_AT_name
	.long	55                              @ DW_AT_type
                                        @ DW_AT_external
	.byte	2                               @ DW_AT_decl_file
	.byte	19                              @ DW_AT_decl_line
	.byte	5                               @ DW_AT_location
	.byte	3
	.long	g_SYS_i32ErrCode
	.byte	3                               @ Abbrev [3] 0x37:0xb DW_TAG_typedef
	.long	66                              @ DW_AT_type
	.long	.Linfo_string5                  @ DW_AT_name
	.byte	1                               @ DW_AT_decl_file
	.byte	58                              @ DW_AT_decl_line
	.byte	4                               @ Abbrev [4] 0x42:0x7 DW_TAG_base_type
	.long	.Linfo_string4                  @ DW_AT_name
	.byte	5                               @ DW_AT_encoding
	.byte	4                               @ DW_AT_byte_size
	.byte	5                               @ Abbrev [5] 0x49:0x5 DW_TAG_pointer_type
	.long	78                              @ DW_AT_type
	.byte	6                               @ Abbrev [6] 0x4e:0xc DW_TAG_typedef
	.long	90                              @ DW_AT_type
	.long	.Linfo_string37                 @ DW_AT_name
	.byte	3                               @ DW_AT_decl_file
	.short	423                             @ DW_AT_decl_line
	.byte	7                               @ Abbrev [7] 0x5a:0x177 DW_TAG_structure_type
	.short	496                             @ DW_AT_byte_size
	.byte	3                               @ DW_AT_decl_file
	.byte	23                              @ DW_AT_decl_line
	.byte	8                               @ Abbrev [8] 0x5f:0xd DW_TAG_member
	.long	.Linfo_string6                  @ DW_AT_name
	.long	465                             @ DW_AT_type
	.byte	3                               @ DW_AT_decl_file
	.short	394                             @ DW_AT_decl_line
	.byte	0                               @ DW_AT_data_member_location
	.byte	8                               @ Abbrev [8] 0x6c:0xd DW_TAG_member
	.long	.Linfo_string9                  @ DW_AT_name
	.long	470                             @ DW_AT_type
	.byte	3                               @ DW_AT_decl_file
	.short	395                             @ DW_AT_decl_line
	.byte	4                               @ DW_AT_data_member_location
	.byte	8                               @ Abbrev [8] 0x79:0xd DW_TAG_member
	.long	.Linfo_string10                 @ DW_AT_name
	.long	470                             @ DW_AT_type
	.byte	3                               @ DW_AT_decl_file
	.short	396                             @ DW_AT_decl_line
	.byte	8                               @ DW_AT_data_member_location
	.byte	8                               @ Abbrev [8] 0x86:0xd DW_TAG_member
	.long	.Linfo_string11                 @ DW_AT_name
	.long	470                             @ DW_AT_type
	.byte	3                               @ DW_AT_decl_file
	.short	397                             @ DW_AT_decl_line
	.byte	12                              @ DW_AT_data_member_location
	.byte	8                               @ Abbrev [8] 0x93:0xd DW_TAG_member
	.long	.Linfo_string12                 @ DW_AT_name
	.long	470                             @ DW_AT_type
	.byte	3                               @ DW_AT_decl_file
	.short	398                             @ DW_AT_decl_line
	.byte	16                              @ DW_AT_data_member_location
	.byte	8                               @ Abbrev [8] 0xa0:0xd DW_TAG_member
	.long	.Linfo_string13                 @ DW_AT_name
	.long	493                             @ DW_AT_type
	.byte	3                               @ DW_AT_decl_file
	.short	399                             @ DW_AT_decl_line
	.byte	20                              @ DW_AT_data_member_location
	.byte	8                               @ Abbrev [8] 0xad:0xd DW_TAG_member
	.long	.Linfo_string15                 @ DW_AT_name
	.long	470                             @ DW_AT_type
	.byte	3                               @ DW_AT_decl_file
	.short	400                             @ DW_AT_decl_line
	.byte	24                              @ DW_AT_data_member_location
	.byte	8                               @ Abbrev [8] 0xba:0xd DW_TAG_member
	.long	.Linfo_string16                 @ DW_AT_name
	.long	512                             @ DW_AT_type
	.byte	3                               @ DW_AT_decl_file
	.short	401                             @ DW_AT_decl_line
	.byte	28                              @ DW_AT_data_member_location
	.byte	8                               @ Abbrev [8] 0xc7:0xd DW_TAG_member
	.long	.Linfo_string17                 @ DW_AT_name
	.long	470                             @ DW_AT_type
	.byte	3                               @ DW_AT_decl_file
	.short	402                             @ DW_AT_decl_line
	.byte	36                              @ DW_AT_data_member_location
	.byte	8                               @ Abbrev [8] 0xd4:0xd DW_TAG_member
	.long	.Linfo_string18                 @ DW_AT_name
	.long	524                             @ DW_AT_type
	.byte	3                               @ DW_AT_decl_file
	.short	403                             @ DW_AT_decl_line
	.byte	40                              @ DW_AT_data_member_location
	.byte	8                               @ Abbrev [8] 0xe1:0xd DW_TAG_member
	.long	.Linfo_string19                 @ DW_AT_name
	.long	470                             @ DW_AT_type
	.byte	3                               @ DW_AT_decl_file
	.short	404                             @ DW_AT_decl_line
	.byte	56                              @ DW_AT_data_member_location
	.byte	8                               @ Abbrev [8] 0xee:0xd DW_TAG_member
	.long	.Linfo_string20                 @ DW_AT_name
	.long	470                             @ DW_AT_type
	.byte	3                               @ DW_AT_decl_file
	.short	405                             @ DW_AT_decl_line
	.byte	60                              @ DW_AT_data_member_location
	.byte	8                               @ Abbrev [8] 0xfb:0xd DW_TAG_member
	.long	.Linfo_string21                 @ DW_AT_name
	.long	493                             @ DW_AT_type
	.byte	3                               @ DW_AT_decl_file
	.short	406                             @ DW_AT_decl_line
	.byte	64                              @ DW_AT_data_member_location
	.byte	8                               @ Abbrev [8] 0x108:0xd DW_TAG_member
	.long	.Linfo_string22                 @ DW_AT_name
	.long	470                             @ DW_AT_type
	.byte	3                               @ DW_AT_decl_file
	.short	407                             @ DW_AT_decl_line
	.byte	68                              @ DW_AT_data_member_location
	.byte	8                               @ Abbrev [8] 0x115:0xd DW_TAG_member
	.long	.Linfo_string23                 @ DW_AT_name
	.long	536                             @ DW_AT_type
	.byte	3                               @ DW_AT_decl_file
	.short	408                             @ DW_AT_decl_line
	.byte	72                              @ DW_AT_data_member_location
	.byte	8                               @ Abbrev [8] 0x122:0xd DW_TAG_member
	.long	.Linfo_string24                 @ DW_AT_name
	.long	470                             @ DW_AT_type
	.byte	3                               @ DW_AT_decl_file
	.short	409                             @ DW_AT_decl_line
	.byte	84                              @ DW_AT_data_member_location
	.byte	8                               @ Abbrev [8] 0x12f:0xd DW_TAG_member
	.long	.Linfo_string25                 @ DW_AT_name
	.long	470                             @ DW_AT_type
	.byte	3                               @ DW_AT_decl_file
	.short	410                             @ DW_AT_decl_line
	.byte	88                              @ DW_AT_data_member_location
	.byte	8                               @ Abbrev [8] 0x13c:0xd DW_TAG_member
	.long	.Linfo_string26                 @ DW_AT_name
	.long	548                             @ DW_AT_type
	.byte	3                               @ DW_AT_decl_file
	.short	411                             @ DW_AT_decl_line
	.byte	92                              @ DW_AT_data_member_location
	.byte	8                               @ Abbrev [8] 0x149:0xd DW_TAG_member
	.long	.Linfo_string27                 @ DW_AT_name
	.long	470                             @ DW_AT_type
	.byte	3                               @ DW_AT_decl_file
	.short	412                             @ DW_AT_decl_line
	.byte	132                             @ DW_AT_data_member_location
	.byte	8                               @ Abbrev [8] 0x156:0xd DW_TAG_member
	.long	.Linfo_string28                 @ DW_AT_name
	.long	470                             @ DW_AT_type
	.byte	3                               @ DW_AT_decl_file
	.short	413                             @ DW_AT_decl_line
	.byte	136                             @ DW_AT_data_member_location
	.byte	8                               @ Abbrev [8] 0x163:0xd DW_TAG_member
	.long	.Linfo_string29                 @ DW_AT_name
	.long	512                             @ DW_AT_type
	.byte	3                               @ DW_AT_decl_file
	.short	414                             @ DW_AT_decl_line
	.byte	140                             @ DW_AT_data_member_location
	.byte	8                               @ Abbrev [8] 0x170:0xd DW_TAG_member
	.long	.Linfo_string30                 @ DW_AT_name
	.long	470                             @ DW_AT_type
	.byte	3                               @ DW_AT_decl_file
	.short	415                             @ DW_AT_decl_line
	.byte	148                             @ DW_AT_data_member_location
	.byte	8                               @ Abbrev [8] 0x17d:0xd DW_TAG_member
	.long	.Linfo_string31                 @ DW_AT_name
	.long	560                             @ DW_AT_type
	.byte	3                               @ DW_AT_decl_file
	.short	416                             @ DW_AT_decl_line
	.byte	152                             @ DW_AT_data_member_location
	.byte	9                               @ Abbrev [9] 0x18a:0xe DW_TAG_member
	.long	.Linfo_string32                 @ DW_AT_name
	.long	470                             @ DW_AT_type
	.byte	3                               @ DW_AT_decl_file
	.short	417                             @ DW_AT_decl_line
	.short	256                             @ DW_AT_data_member_location
	.byte	9                               @ Abbrev [9] 0x198:0xe DW_TAG_member
	.long	.Linfo_string33                 @ DW_AT_name
	.long	572                             @ DW_AT_type
	.byte	3                               @ DW_AT_decl_file
	.short	418                             @ DW_AT_decl_line
	.short	260                             @ DW_AT_data_member_location
	.byte	9                               @ Abbrev [9] 0x1a6:0xe DW_TAG_member
	.long	.Linfo_string34                 @ DW_AT_name
	.long	470                             @ DW_AT_type
	.byte	3                               @ DW_AT_decl_file
	.short	419                             @ DW_AT_decl_line
	.short	472                             @ DW_AT_data_member_location
	.byte	9                               @ Abbrev [9] 0x1b4:0xe DW_TAG_member
	.long	.Linfo_string35                 @ DW_AT_name
	.long	524                             @ DW_AT_type
	.byte	3                               @ DW_AT_decl_file
	.short	420                             @ DW_AT_decl_line
	.short	476                             @ DW_AT_data_member_location
	.byte	9                               @ Abbrev [9] 0x1c2:0xe DW_TAG_member
	.long	.Linfo_string36                 @ DW_AT_name
	.long	470                             @ DW_AT_type
	.byte	3                               @ DW_AT_decl_file
	.short	421                             @ DW_AT_decl_line
	.short	492                             @ DW_AT_data_member_location
	.byte	0                               @ End Of Children Mark
	.byte	10                              @ Abbrev [10] 0x1d1:0x5 DW_TAG_const_type
	.long	470                             @ DW_AT_type
	.byte	11                              @ Abbrev [11] 0x1d6:0x5 DW_TAG_volatile_type
	.long	475                             @ DW_AT_type
	.byte	3                               @ Abbrev [3] 0x1db:0xb DW_TAG_typedef
	.long	486                             @ DW_AT_type
	.long	.Linfo_string8                  @ DW_AT_name
	.byte	1                               @ DW_AT_decl_file
	.byte	64                              @ DW_AT_decl_line
	.byte	4                               @ Abbrev [4] 0x1e6:0x7 DW_TAG_base_type
	.long	.Linfo_string7                  @ DW_AT_name
	.byte	7                               @ DW_AT_encoding
	.byte	4                               @ DW_AT_byte_size
	.byte	12                              @ Abbrev [12] 0x1ed:0xc DW_TAG_array_type
	.long	465                             @ DW_AT_type
	.byte	13                              @ Abbrev [13] 0x1f2:0x6 DW_TAG_subrange_type
	.long	505                             @ DW_AT_type
	.byte	1                               @ DW_AT_count
	.byte	0                               @ End Of Children Mark
	.byte	14                              @ Abbrev [14] 0x1f9:0x7 DW_TAG_base_type
	.long	.Linfo_string14                 @ DW_AT_name
	.byte	8                               @ DW_AT_byte_size
	.byte	7                               @ DW_AT_encoding
	.byte	12                              @ Abbrev [12] 0x200:0xc DW_TAG_array_type
	.long	465                             @ DW_AT_type
	.byte	13                              @ Abbrev [13] 0x205:0x6 DW_TAG_subrange_type
	.long	505                             @ DW_AT_type
	.byte	2                               @ DW_AT_count
	.byte	0                               @ End Of Children Mark
	.byte	12                              @ Abbrev [12] 0x20c:0xc DW_TAG_array_type
	.long	465                             @ DW_AT_type
	.byte	13                              @ Abbrev [13] 0x211:0x6 DW_TAG_subrange_type
	.long	505                             @ DW_AT_type
	.byte	4                               @ DW_AT_count
	.byte	0                               @ End Of Children Mark
	.byte	12                              @ Abbrev [12] 0x218:0xc DW_TAG_array_type
	.long	465                             @ DW_AT_type
	.byte	13                              @ Abbrev [13] 0x21d:0x6 DW_TAG_subrange_type
	.long	505                             @ DW_AT_type
	.byte	3                               @ DW_AT_count
	.byte	0                               @ End Of Children Mark
	.byte	12                              @ Abbrev [12] 0x224:0xc DW_TAG_array_type
	.long	465                             @ DW_AT_type
	.byte	13                              @ Abbrev [13] 0x229:0x6 DW_TAG_subrange_type
	.long	505                             @ DW_AT_type
	.byte	10                              @ DW_AT_count
	.byte	0                               @ End Of Children Mark
	.byte	12                              @ Abbrev [12] 0x230:0xc DW_TAG_array_type
	.long	465                             @ DW_AT_type
	.byte	13                              @ Abbrev [13] 0x235:0x6 DW_TAG_subrange_type
	.long	505                             @ DW_AT_type
	.byte	26                              @ DW_AT_count
	.byte	0                               @ End Of Children Mark
	.byte	12                              @ Abbrev [12] 0x23c:0xc DW_TAG_array_type
	.long	465                             @ DW_AT_type
	.byte	13                              @ Abbrev [13] 0x241:0x6 DW_TAG_subrange_type
	.long	505                             @ DW_AT_type
	.byte	53                              @ DW_AT_count
	.byte	0                               @ End Of Children Mark
	.byte	5                               @ Abbrev [5] 0x248:0x5 DW_TAG_pointer_type
	.long	475                             @ DW_AT_type
	.byte	15                              @ Abbrev [15] 0x24d:0x20 DW_TAG_subprogram
	.long	.Lfunc_begin0                   @ DW_AT_low_pc
	.long	.Lfunc_end0-.Lfunc_begin0       @ DW_AT_high_pc
	.byte	1                               @ DW_AT_frame_base
	.byte	93
	.long	.Linfo_string38                 @ DW_AT_name
	.byte	2                               @ DW_AT_decl_file
	.byte	39                              @ DW_AT_decl_line
                                        @ DW_AT_prototyped
                                        @ DW_AT_external
	.byte	16                              @ Abbrev [16] 0x25e:0xe DW_TAG_formal_parameter
	.byte	2                               @ DW_AT_location
	.byte	145
	.byte	0
	.long	.Linfo_string48                 @ DW_AT_name
	.byte	2                               @ DW_AT_decl_file
	.byte	39                              @ DW_AT_decl_line
	.long	475                             @ DW_AT_type
	.byte	0                               @ End Of Children Mark
	.byte	17                              @ Abbrev [17] 0x26d:0x15 DW_TAG_subprogram
	.long	.Lfunc_begin1                   @ DW_AT_low_pc
	.long	.Lfunc_end1-.Lfunc_begin1       @ DW_AT_high_pc
	.byte	1                               @ DW_AT_frame_base
	.byte	93
	.long	.Linfo_string39                 @ DW_AT_name
	.byte	2                               @ DW_AT_decl_file
	.byte	51                              @ DW_AT_decl_line
                                        @ DW_AT_prototyped
	.long	475                             @ DW_AT_type
                                        @ DW_AT_external
	.byte	17                              @ Abbrev [17] 0x282:0x15 DW_TAG_subprogram
	.long	.Lfunc_begin2                   @ DW_AT_low_pc
	.long	.Lfunc_end2-.Lfunc_begin2       @ DW_AT_high_pc
	.byte	1                               @ DW_AT_frame_base
	.byte	93
	.long	.Linfo_string40                 @ DW_AT_name
	.byte	2                               @ DW_AT_decl_file
	.byte	62                              @ DW_AT_decl_line
                                        @ DW_AT_prototyped
	.long	475                             @ DW_AT_type
                                        @ DW_AT_external
	.byte	17                              @ Abbrev [17] 0x297:0x15 DW_TAG_subprogram
	.long	.Lfunc_begin3                   @ DW_AT_low_pc
	.long	.Lfunc_end3-.Lfunc_begin3       @ DW_AT_high_pc
	.byte	1                               @ DW_AT_frame_base
	.byte	93
	.long	.Linfo_string41                 @ DW_AT_name
	.byte	2                               @ DW_AT_decl_file
	.byte	74                              @ DW_AT_decl_line
                                        @ DW_AT_prototyped
	.long	475                             @ DW_AT_type
                                        @ DW_AT_external
	.byte	17                              @ Abbrev [17] 0x2ac:0x15 DW_TAG_subprogram
	.long	.Lfunc_begin4                   @ DW_AT_low_pc
	.long	.Lfunc_end4-.Lfunc_begin4       @ DW_AT_high_pc
	.byte	1                               @ DW_AT_frame_base
	.byte	93
	.long	.Linfo_string42                 @ DW_AT_name
	.byte	2                               @ DW_AT_decl_file
	.byte	85                              @ DW_AT_decl_line
                                        @ DW_AT_prototyped
	.long	475                             @ DW_AT_type
                                        @ DW_AT_external
	.byte	18                              @ Abbrev [18] 0x2c1:0x11 DW_TAG_subprogram
	.long	.Lfunc_begin5                   @ DW_AT_low_pc
	.long	.Lfunc_end5-.Lfunc_begin5       @ DW_AT_high_pc
	.byte	1                               @ DW_AT_frame_base
	.byte	93
	.long	.Linfo_string43                 @ DW_AT_name
	.byte	2                               @ DW_AT_decl_file
	.byte	97                              @ DW_AT_decl_line
                                        @ DW_AT_prototyped
                                        @ DW_AT_external
	.byte	18                              @ Abbrev [18] 0x2d2:0x11 DW_TAG_subprogram
	.long	.Lfunc_begin6                   @ DW_AT_low_pc
	.long	.Lfunc_end6-.Lfunc_begin6       @ DW_AT_high_pc
	.byte	1                               @ DW_AT_frame_base
	.byte	93
	.long	.Linfo_string44                 @ DW_AT_name
	.byte	2                               @ DW_AT_decl_file
	.byte	109                             @ DW_AT_decl_line
                                        @ DW_AT_prototyped
                                        @ DW_AT_external
	.byte	15                              @ Abbrev [15] 0x2e3:0x3c DW_TAG_subprogram
	.long	.Lfunc_begin7                   @ DW_AT_low_pc
	.long	.Lfunc_end7-.Lfunc_begin7       @ DW_AT_high_pc
	.byte	1                               @ DW_AT_frame_base
	.byte	93
	.long	.Linfo_string45                 @ DW_AT_name
	.byte	2                               @ DW_AT_decl_file
	.byte	132                             @ DW_AT_decl_line
                                        @ DW_AT_prototyped
                                        @ DW_AT_external
	.byte	16                              @ Abbrev [16] 0x2f4:0xe DW_TAG_formal_parameter
	.byte	2                               @ DW_AT_location
	.byte	145
	.byte	8
	.long	.Linfo_string49                 @ DW_AT_name
	.byte	2                               @ DW_AT_decl_file
	.byte	132                             @ DW_AT_decl_line
	.long	475                             @ DW_AT_type
	.byte	19                              @ Abbrev [19] 0x302:0xe DW_TAG_variable
	.byte	2                               @ DW_AT_location
	.byte	145
	.byte	4
	.long	.Linfo_string50                 @ DW_AT_name
	.byte	2                               @ DW_AT_decl_file
	.byte	134                             @ DW_AT_decl_line
	.long	475                             @ DW_AT_type
	.byte	19                              @ Abbrev [19] 0x310:0xe DW_TAG_variable
	.byte	2                               @ DW_AT_location
	.byte	145
	.byte	0
	.long	.Linfo_string51                 @ DW_AT_name
	.byte	2                               @ DW_AT_decl_file
	.byte	134                             @ DW_AT_decl_line
	.long	475                             @ DW_AT_type
	.byte	0                               @ End Of Children Mark
	.byte	20                              @ Abbrev [20] 0x31f:0x40 DW_TAG_subprogram
	.long	.Lfunc_begin8                   @ DW_AT_low_pc
	.long	.Lfunc_end8-.Lfunc_begin8       @ DW_AT_high_pc
	.byte	1                               @ DW_AT_frame_base
	.byte	93
	.long	.Linfo_string46                 @ DW_AT_name
	.byte	2                               @ DW_AT_decl_file
	.byte	162                             @ DW_AT_decl_line
                                        @ DW_AT_prototyped
	.long	55                              @ DW_AT_type
                                        @ DW_AT_external
	.byte	16                              @ Abbrev [16] 0x334:0xe DW_TAG_formal_parameter
	.byte	2                               @ DW_AT_location
	.byte	145
	.byte	8
	.long	.Linfo_string52                 @ DW_AT_name
	.byte	2                               @ DW_AT_decl_file
	.byte	162                             @ DW_AT_decl_line
	.long	55                              @ DW_AT_type
	.byte	16                              @ Abbrev [16] 0x342:0xe DW_TAG_formal_parameter
	.byte	2                               @ DW_AT_location
	.byte	145
	.byte	4
	.long	.Linfo_string53                 @ DW_AT_name
	.byte	2                               @ DW_AT_decl_file
	.byte	162                             @ DW_AT_decl_line
	.long	475                             @ DW_AT_type
	.byte	19                              @ Abbrev [19] 0x350:0xe DW_TAG_variable
	.byte	2                               @ DW_AT_location
	.byte	145
	.byte	0
	.long	.Linfo_string54                 @ DW_AT_name
	.byte	2                               @ DW_AT_decl_file
	.byte	164                             @ DW_AT_decl_line
	.long	475                             @ DW_AT_type
	.byte	0                               @ End Of Children Mark
	.byte	20                              @ Abbrev [20] 0x35f:0x24 DW_TAG_subprogram
	.long	.Lfunc_begin9                   @ DW_AT_low_pc
	.long	.Lfunc_end9-.Lfunc_begin9       @ DW_AT_high_pc
	.byte	1                               @ DW_AT_frame_base
	.byte	93
	.long	.Linfo_string47                 @ DW_AT_name
	.byte	2                               @ DW_AT_decl_file
	.byte	195                             @ DW_AT_decl_line
                                        @ DW_AT_prototyped
	.long	55                              @ DW_AT_type
                                        @ DW_AT_external
	.byte	19                              @ Abbrev [19] 0x374:0xe DW_TAG_variable
	.byte	2                               @ DW_AT_location
	.byte	145
	.byte	0
	.long	.Linfo_string54                 @ DW_AT_name
	.byte	2                               @ DW_AT_decl_file
	.byte	197                             @ DW_AT_decl_line
	.long	475                             @ DW_AT_type
	.byte	0                               @ End Of Children Mark
	.byte	0                               @ End Of Children Mark
.Ldebug_info_end0:
	.section	.debug_ranges,"",%progbits
.Ldebug_ranges0:
	.long	.Lfunc_begin0
	.long	.Lfunc_end0
	.long	.Lfunc_begin1
	.long	.Lfunc_end1
	.long	.Lfunc_begin2
	.long	.Lfunc_end2
	.long	.Lfunc_begin3
	.long	.Lfunc_end3
	.long	.Lfunc_begin4
	.long	.Lfunc_end4
	.long	.Lfunc_begin5
	.long	.Lfunc_end5
	.long	.Lfunc_begin6
	.long	.Lfunc_end6
	.long	.Lfunc_begin7
	.long	.Lfunc_end7
	.long	.Lfunc_begin8
	.long	.Lfunc_end8
	.long	.Lfunc_begin9
	.long	.Lfunc_end9
	.long	0
	.long	0
	.section	.debug_str,"MS",%progbits,1
.Linfo_string0:
	.asciz	"Component: Arm Compiler for Embedded 6.22 Tool: armclang [5ee92100]" @ string offset=0
.Linfo_string1:
	.asciz	"../../../Library/StdDriver/src\\sys.c" @ string offset=68
.Linfo_string2:
	.asciz	"D:\\SourceCode\\_Avery_M2003\\M2003BSP_FLASH_EMULATE_EEPROM\\SampleCode\\Template\\Keil" @ string offset=105
.Linfo_string3:
	.asciz	"g_SYS_i32ErrCode"              @ string offset=187
.Linfo_string4:
	.asciz	"int"                           @ string offset=204
.Linfo_string5:
	.asciz	"int32_t"                       @ string offset=208
.Linfo_string6:
	.asciz	"PDID"                          @ string offset=216
.Linfo_string7:
	.asciz	"unsigned int"                  @ string offset=221
.Linfo_string8:
	.asciz	"uint32_t"                      @ string offset=234
.Linfo_string9:
	.asciz	"RSTSTS"                        @ string offset=243
.Linfo_string10:
	.asciz	"IPRST0"                        @ string offset=250
.Linfo_string11:
	.asciz	"IPRST1"                        @ string offset=257
.Linfo_string12:
	.asciz	"IPRST2"                        @ string offset=264
.Linfo_string13:
	.asciz	"RESERVE0"                      @ string offset=271
.Linfo_string14:
	.asciz	"__ARRAY_SIZE_TYPE__"           @ string offset=280
.Linfo_string15:
	.asciz	"BODCTL"                        @ string offset=300
.Linfo_string16:
	.asciz	"RESERVE1"                      @ string offset=307
.Linfo_string17:
	.asciz	"PORCTL0"                       @ string offset=316
.Linfo_string18:
	.asciz	"RESERVE2"                      @ string offset=324
.Linfo_string19:
	.asciz	"GPB_MFPL"                      @ string offset=333
.Linfo_string20:
	.asciz	"GPB_MFPH"                      @ string offset=342
.Linfo_string21:
	.asciz	"RESERVE3"                      @ string offset=351
.Linfo_string22:
	.asciz	"GPC_MFPH"                      @ string offset=360
.Linfo_string23:
	.asciz	"RESERVE4"                      @ string offset=369
.Linfo_string24:
	.asciz	"GPE_MFPH"                      @ string offset=378
.Linfo_string25:
	.asciz	"GPF_MFPL"                      @ string offset=387
.Linfo_string26:
	.asciz	"RESERVE5"                      @ string offset=396
.Linfo_string27:
	.asciz	"GPB_MFOS"                      @ string offset=405
.Linfo_string28:
	.asciz	"GPC_MFOS"                      @ string offset=414
.Linfo_string29:
	.asciz	"RESERVE6"                      @ string offset=423
.Linfo_string30:
	.asciz	"GPF_MFOS"                      @ string offset=432
.Linfo_string31:
	.asciz	"RESERVE7"                      @ string offset=441
.Linfo_string32:
	.asciz	"REGLCTL"                       @ string offset=450
.Linfo_string33:
	.asciz	"RESERVE8"                      @ string offset=458
.Linfo_string34:
	.asciz	"CPUCFG"                        @ string offset=467
.Linfo_string35:
	.asciz	"RESERVE9"                      @ string offset=474
.Linfo_string36:
	.asciz	"PORCTL1"                       @ string offset=483
.Linfo_string37:
	.asciz	"SYS_T"                         @ string offset=491
.Linfo_string38:
	.asciz	"SYS_ClearResetSrc"             @ string offset=497
.Linfo_string39:
	.asciz	"SYS_GetBODStatus"              @ string offset=515
.Linfo_string40:
	.asciz	"SYS_GetResetSrc"               @ string offset=532
.Linfo_string41:
	.asciz	"SYS_IsRegLocked"               @ string offset=548
.Linfo_string42:
	.asciz	"SYS_ReadPDID"                  @ string offset=564
.Linfo_string43:
	.asciz	"SYS_ResetChip"                 @ string offset=577
.Linfo_string44:
	.asciz	"SYS_ResetCPU"                  @ string offset=591
.Linfo_string45:
	.asciz	"SYS_ResetModule"               @ string offset=604
.Linfo_string46:
	.asciz	"SYS_EnableBOD"                 @ string offset=620
.Linfo_string47:
	.asciz	"SYS_DisableBOD"                @ string offset=634
.Linfo_string48:
	.asciz	"u32Src"                        @ string offset=649
.Linfo_string49:
	.asciz	"u32ModuleIndex"                @ string offset=656
.Linfo_string50:
	.asciz	"u32TmpVal"                     @ string offset=671
.Linfo_string51:
	.asciz	"u32TmpAddr"                    @ string offset=681
.Linfo_string52:
	.asciz	"i32Mode"                       @ string offset=692
.Linfo_string53:
	.asciz	"u32BODLevel"                   @ string offset=700
.Linfo_string54:
	.asciz	"u32TimeOutCnt"                 @ string offset=712
	.ident	"Component: Arm Compiler for Embedded 6.22 Tool: armclang [5ee92100]"
	.section	".note.GNU-stack","",%progbits
	.eabi_attribute	30, 6	@ Tag_ABI_optimization_goals
	.ARM_attribute	16, 1	@ Tag_AV_eba
	.section	.debug_line,"",%progbits
.Lline_table_start0:
